Determining if the pthread_create exist failed with the following output:
Change Dir: /home/enrico/turtlebot3_ws/src/position_controller/build/position_controller/CMakeFiles/CMakeTmp

Run Build Command:"/usr/bin/make" "cmTC_dd53f/fast"
/usr/bin/make -f CMakeFiles/cmTC_dd53f.dir/build.make CMakeFiles/cmTC_dd53f.dir/build
make[1]: ingresso nella directory "/home/enrico/turtlebot3_ws/src/position_controller/build/position_controller/CMakeFiles/CMakeTmp"
Building C object CMakeFiles/cmTC_dd53f.dir/CheckSymbolExists.c.o
/usr/bin/cc    -o CMakeFiles/cmTC_dd53f.dir/CheckSymbolExists.c.o   -c /home/enrico/turtlebot3_ws/src/position_controller/build/position_controller/CMakeFiles/CMakeTmp/CheckSymbolExists.c
Linking C executable cmTC_dd53f
/usr/bin/cmake -E cmake_link_script CMakeFiles/cmTC_dd53f.dir/link.txt --verbose=1
/usr/bin/cc      CMakeFiles/cmTC_dd53f.dir/CheckSymbolExists.c.o  -o cmTC_dd53f 
CMakeFiles/cmTC_dd53f.dir/CheckSymbolExists.c.o: nella funzione "main":
CheckSymbolExists.c:(.text+0x1b): riferimento non definito a "pthread_create"
collect2: error: ld returned 1 exit status
CMakeFiles/cmTC_dd53f.dir/build.make:97: recipe for target 'cmTC_dd53f' failed
make[1]: *** [cmTC_dd53f] Error 1
make[1]: uscita dalla directory "/home/enrico/turtlebot3_ws/src/position_controller/build/position_controller/CMakeFiles/CMakeTmp"
Makefile:126: recipe for target 'cmTC_dd53f/fast' failed
make: *** [cmTC_dd53f/fast] Error 2

File /home/enrico/turtlebot3_ws/src/position_controller/build/position_controller/CMakeFiles/CMakeTmp/CheckSymbolExists.c:
/* */
#include <pthread.h>

int main(int argc, char** argv)
{
  (void)argv;
#ifndef pthread_create
  return ((int*)(&pthread_create))[argc];
#else
  (void)argc;
  return 0;
#endif
}

Determining if the function pthread_create exists in the pthreads failed with the following output:
Change Dir: /home/enrico/turtlebot3_ws/src/position_controller/build/position_controller/CMakeFiles/CMakeTmp

Run Build Command:"/usr/bin/make" "cmTC_9d14c/fast"
/usr/bin/make -f CMakeFiles/cmTC_9d14c.dir/build.make CMakeFiles/cmTC_9d14c.dir/build
make[1]: ingresso nella directory "/home/enrico/turtlebot3_ws/src/position_controller/build/position_controller/CMakeFiles/CMakeTmp"
Building C object CMakeFiles/cmTC_9d14c.dir/CheckFunctionExists.c.o
/usr/bin/cc   -DCHECK_FUNCTION_EXISTS=pthread_create   -o CMakeFiles/cmTC_9d14c.dir/CheckFunctionExists.c.o   -c /usr/share/cmake-3.10/Modules/CheckFunctionExists.c
Linking C executable cmTC_9d14c
/usr/bin/cmake -E cmake_link_script CMakeFiles/cmTC_9d14c.dir/link.txt --verbose=1
/usr/bin/cc  -DCHECK_FUNCTION_EXISTS=pthread_create    CMakeFiles/cmTC_9d14c.dir/CheckFunctionExists.c.o  -o cmTC_9d14c -lpthreads 
/usr/bin/ld: impossibile trovare -lpthreads
collect2: error: ld returned 1 exit status
CMakeFiles/cmTC_9d14c.dir/build.make:97: recipe for target 'cmTC_9d14c' failed
make[1]: *** [cmTC_9d14c] Error 1
make[1]: uscita dalla directory "/home/enrico/turtlebot3_ws/src/position_controller/build/position_controller/CMakeFiles/CMakeTmp"
Makefile:126: recipe for target 'cmTC_9d14c/fast' failed
make: *** [cmTC_9d14c/fast] Error 2


