[0.708s] CMake Error at /opt/ros/eloquent/share/rosidl_adapter/cmake/rosidl_adapt_interfaces.cmake:60 (message):
[0.709s]   execute_process(/usr/bin/python3 -m rosidl_adapter --package-name
[0.709s]   position_controller --arguments-file
[0.709s]   /home/enrico/turtlebot3_ws/src/position_controller/build/position_controller/rosidl_adapter__arguments__position_controller.json
[0.709s]   --output-dir
[0.709s]   /home/enrico/turtlebot3_ws/src/position_controller/build/position_controller/rosidl_adapter/position_controller
[0.709s]   --output-file
[0.709s]   /home/enrico/turtlebot3_ws/src/position_controller/build/position_controller/rosidl_adapter/position_controller.idls)
[0.710s]   returned error code 1:
[0.710s] 
[0.710s]   Traceback (most recent call last):
[0.710s] 
[0.710s]     File "/usr/lib/python3.6/runpy.py", line 193, in _run_module_as_main
[0.710s]       "__main__", mod_spec)
[0.710s]     File "/usr/lib/python3.6/runpy.py", line 85, in _run_code
[0.710s]       exec(code, run_globals)
[0.711s]     File "/opt/ros/eloquent/lib/python3.6/site-packages/rosidl_adapter/__main__.py", line 19, in <module>
[0.711s]       sys.exit(main())
[0.711s]     File "/opt/ros/eloquent/lib/python3.6/site-packages/rosidl_adapter/main.py", line 55, in main
[0.711s]       pathlib.Path(relative_path), output_dir)
[0.711s]     File "/opt/ros/eloquent/lib/python3.6/site-packages/rosidl_adapter/__init__.py", line 30, in convert_to_idl
[0.711s]       package_dir, package_name, interface_file, output_dir / 'action')
[0.711s]     File "/opt/ros/eloquent/lib/python3.6/site-packages/rosidl_adapter/action/__init__.py", line 28, in convert_action_to_idl
[0.711s]       action = parse_action_string(package_name, input_file.stem, content)
[0.712s]     File "/opt/ros/eloquent/lib/python3.6/site-packages/rosidl_adapter/parser.py", line 877, in parse_action_string
[0.712s]       pkg_name, action_name + ACTION_GOAL_SUFFIX, goal_string)
[0.712s]     File "/opt/ros/eloquent/lib/python3.6/site-packages/rosidl_adapter/parser.py", line 531, in parse_message_string
[0.712s]       msg = MessageSpecification(pkg_name, msg_name, fields, constants)
[0.712s]     File "/opt/ros/eloquent/lib/python3.6/site-packages/rosidl_adapter/parser.py", line 382, in __init__
[0.712s]       pkg_name + PACKAGE_NAME_MESSAGE_TYPE_SEPARATOR + msg_name)
[0.712s]     File "/opt/ros/eloquent/lib/python3.6/site-packages/rosidl_adapter/parser.py", line 200, in __init__
[0.712s]       self.type, VALID_MESSAGE_NAME_PATTERN.pattern))
[0.712s] 
[0.713s]   rosidl_adapter.parser.InvalidResourceName: 'position_Goal' is an invalid
[0.713s]   message name.  It should have the pattern '^[A-Z][A-Za-z0-9]*$'
[0.713s] 
[0.713s] Call Stack (most recent call first):
[0.713s]   /opt/ros/eloquent/share/rosidl_cmake/cmake/rosidl_generate_interfaces.cmake:130 (rosidl_adapt_interfaces)
[0.713s]   CMakeLists.txt:39 (rosidl_generate_interfaces)
[0.713s] 
[0.713s] 
[0.715s] make: *** [cmake_check_build_system] Error 1
