[0.048s] -- Found gazebo_ros_pkgs: 3.4.2 (/opt/ros/eloquent/share/gazebo_ros_pkgs/cmake)
[0.048s] -- Found ament_cmake: 0.8.2 (/opt/ros/eloquent/share/ament_cmake/cmake)
[0.075s] -- Found PythonInterp: /usr/bin/python3 (found suitable version "3.6.9", minimum required is "3") 
[0.075s] -- Using PYTHON_EXECUTABLE: /usr/bin/python3
[0.273s] -- Found geometry_msgs: 0.8.1 (/opt/ros/eloquent/share/geometry_msgs/cmake)
[0.283s] -- Found rosidl_adapter: 0.8.2 (/opt/ros/eloquent/share/rosidl_adapter/cmake)
[0.319s] -- Found nav_msgs: 0.8.1 (/opt/ros/eloquent/share/nav_msgs/cmake)
[0.330s] -- Found rclcpp: 0.8.4 (/opt/ros/eloquent/share/rclcpp/cmake)
[0.342s] -- Found rmw_implementation_cmake: 0.8.1 (/opt/ros/eloquent/share/rmw_implementation_cmake/cmake)
[0.344s] -- Using RMW implementation 'rmw_fastrtps_cpp' as default
[0.375s] -- Found tf2: 0.12.5 (/opt/ros/eloquent/share/tf2/cmake)
[0.377s] -- Found sensor_msgs: 0.8.1 (/opt/ros/eloquent/share/sensor_msgs/cmake)
[0.388s] -- Found turtlebot3: 2.0.1 (/home/enrico/turtlebot3_ws/install/turtlebot3/share/turtlebot3/cmake)
[0.388s] -- Found rclcpp_action: 0.8.4 (/opt/ros/eloquent/share/rclcpp_action/cmake)
[0.452s] -- Found rosidl_default_generators: 0.8.0 (/opt/ros/eloquent/share/rosidl_default_generators/cmake)
[0.579s] -- Found PythonInterp: /usr/bin/python3 (found version "3.6.9") 
[0.713s] -- Configuring incomplete, errors occurred!
[0.714s] See also "/home/enrico/turtlebot3_ws/src/position_controller/build/position_controller/CMakeFiles/CMakeOutput.log".
[0.714s] See also "/home/enrico/turtlebot3_ws/src/position_controller/build/position_controller/CMakeFiles/CMakeError.log".
[0.715s] Makefile:310: recipe for target 'cmake_check_build_system' failed
