[0.189s] DEBUG:colcon:Command line arguments: ['/usr/bin/colcon', 'build', '--symlink-install']
[0.189s] DEBUG:colcon:Parsed command line arguments: Namespace(ament_cmake_args=None, base_paths=['.'], build_base='build', catkin_cmake_args=None, catkin_skip_building_tests=False, cmake_args=None, cmake_clean_cache=False, cmake_clean_first=False, cmake_force_configure=False, cmake_target=None, cmake_target_skip_unavailable=False, continue_on_error=False, event_handlers=None, executor='parallel', ignore_user_meta=False, install_base='install', log_base=None, log_level=None, main=<bound method BuildVerb.main of <colcon_core.verb.build.BuildVerb object at 0x7eff98e8dac8>>, merge_install=False, metas=['./colcon.meta'], packages_above=None, packages_above_and_dependencies=None, packages_above_depth=None, packages_end=None, packages_ignore=None, packages_ignore_regex=None, packages_select=None, packages_select_build_failed=False, packages_select_by_dep=None, packages_select_regex=None, packages_select_test_failures=False, packages_skip=None, packages_skip_build_finished=False, packages_skip_by_dep=None, packages_skip_regex=None, packages_skip_test_passed=False, packages_skip_up_to=None, packages_start=None, packages_up_to=None, packages_up_to_regex=None, parallel_workers=4, paths=None, symlink_install=True, test_result_base=None, verb_extension=<colcon_core.verb.build.BuildVerb object at 0x7eff98e8dac8>, verb_name='build', verb_parser=<colcon_defaults.argument_parser.defaults.DefaultArgumentsDecorator object at 0x7eff98e8de10>)
[0.211s] Level 1:colcon.colcon_core.package_discovery:discover_packages(colcon_meta) check parameters
[0.211s] Level 1:colcon.colcon_core.package_discovery:discover_packages(recursive) check parameters
[0.211s] Level 1:colcon.colcon_core.package_discovery:discover_packages(ignore) check parameters
[0.211s] Level 1:colcon.colcon_core.package_discovery:discover_packages(path) check parameters
[0.211s] Level 1:colcon.colcon_core.package_discovery:discover_packages(colcon_meta) discover
[0.211s] Level 1:colcon.colcon_core.package_discovery:discover_packages(recursive) discover
[0.211s] INFO:colcon.colcon_core.package_discovery:Crawling recursively for packages in '/home/enrico/turtlebot3_ws/src/position_controller'
[0.211s] Level 1:colcon.colcon_core.package_identification:_identify(.) by extensions ['ignore', 'ignore_ament_install']
[0.211s] Level 1:colcon.colcon_core.package_identification:_identify(.) by extension 'ignore'
[0.212s] Level 1:colcon.colcon_core.package_identification:_identify(.) by extension 'ignore_ament_install'
[0.212s] Level 1:colcon.colcon_core.package_identification:_identify(.) by extensions ['colcon_pkg']
[0.212s] Level 1:colcon.colcon_core.package_identification:_identify(.) by extension 'colcon_pkg'
[0.212s] Level 1:colcon.colcon_core.package_identification:_identify(.) by extensions ['colcon_meta']
[0.212s] Level 1:colcon.colcon_core.package_identification:_identify(.) by extension 'colcon_meta'
[0.212s] Level 1:colcon.colcon_core.package_identification:_identify(.) by extensions ['ros']
[0.212s] Level 1:colcon.colcon_core.package_identification:_identify(.) by extension 'ros'
[0.226s] DEBUG:colcon.colcon_core.package_identification:Package '.' with type 'ros.ament_cmake' and name 'position_controller'
[0.226s] Level 1:colcon.colcon_core.package_discovery:discover_packages(recursive) using defaults
[0.226s] Level 1:colcon.colcon_core.package_discovery:discover_packages(ignore) discover
[0.226s] Level 1:colcon.colcon_core.package_discovery:discover_packages(ignore) using defaults
[0.227s] Level 1:colcon.colcon_core.package_discovery:discover_packages(path) discover
[0.227s] Level 1:colcon.colcon_core.package_discovery:discover_packages(path) using defaults
[0.232s] Level 5:colcon.colcon_core.verb:set package 'position_controller' build argument 'cmake_args' from command line to 'None'
[0.233s] Level 5:colcon.colcon_core.verb:set package 'position_controller' build argument 'cmake_target' from command line to 'None'
[0.233s] Level 5:colcon.colcon_core.verb:set package 'position_controller' build argument 'cmake_target_skip_unavailable' from command line to 'False'
[0.233s] Level 5:colcon.colcon_core.verb:set package 'position_controller' build argument 'cmake_clean_cache' from command line to 'False'
[0.233s] Level 5:colcon.colcon_core.verb:set package 'position_controller' build argument 'cmake_clean_first' from command line to 'False'
[0.233s] Level 5:colcon.colcon_core.verb:set package 'position_controller' build argument 'cmake_force_configure' from command line to 'False'
[0.233s] Level 5:colcon.colcon_core.verb:set package 'position_controller' build argument 'ament_cmake_args' from command line to 'None'
[0.233s] Level 5:colcon.colcon_core.verb:set package 'position_controller' build argument 'catkin_cmake_args' from command line to 'None'
[0.233s] Level 5:colcon.colcon_core.verb:set package 'position_controller' build argument 'catkin_skip_building_tests' from command line to 'False'
[0.233s] DEBUG:colcon.colcon_core.verb:Building package 'position_controller' with the following arguments: {'ament_cmake_args': None, 'build_base': '/home/enrico/turtlebot3_ws/src/position_controller/build/position_controller', 'catkin_cmake_args': None, 'catkin_skip_building_tests': False, 'cmake_args': None, 'cmake_clean_cache': False, 'cmake_clean_first': False, 'cmake_force_configure': False, 'cmake_target': None, 'cmake_target_skip_unavailable': False, 'install_base': '/home/enrico/turtlebot3_ws/src/position_controller/install/position_controller', 'merge_install': False, 'path': '/home/enrico/turtlebot3_ws/src/position_controller', 'symlink_install': True, 'test_result_base': None}
[0.233s] INFO:colcon.colcon_core.executor:Executing jobs using 'parallel' executor
[0.235s] DEBUG:colcon.colcon_parallel_executor.executor.parallel:run_until_complete
[0.235s] INFO:colcon.colcon_ros.task.ament_cmake.build:Building ROS package in '/home/enrico/turtlebot3_ws/src/position_controller' with build type 'ament_cmake'
[0.240s] INFO:colcon.colcon_core.plugin_system:Skipping extension 'colcon_core.shell.bat': Not used on non-Windows systems
[0.240s] INFO:colcon.colcon_cmake.task.cmake.build:Building CMake package in '/home/enrico/turtlebot3_ws/src/position_controller'
[0.240s] INFO:colcon.colcon_core.shell:Skip shell extension 'powershell' for command environment: Not usable outside of PowerShell
[0.240s] DEBUG:colcon.colcon_core.shell:Skip shell extension 'dsv' for command environment
[0.244s] DEBUG:colcon.colcon_core.shell:Ignoring prefix path '/opt/ros/eloquent'
[0.251s] DEBUG:colcon.colcon_core.event_handler.log_command:Invoking command in '/home/enrico/turtlebot3_ws/src/position_controller/build/position_controller': CMAKE_PREFIX_PATH=${CMAKE_PREFIX_PATH}:/home/enrico/turtlebot3_ws/install/turtlebot3_gazebo:/home/enrico/turtlebot3_ws/install/turtlebot3_teleop:/home/enrico/turtlebot3_ws/install/turtlebot3_example:/opt/ros/eloquent /usr/bin/cmake /home/enrico/turtlebot3_ws/src/position_controller -DAMENT_CMAKE_SYMLINK_INSTALL=1 -DCMAKE_INSTALL_PREFIX=/home/enrico/turtlebot3_ws/src/position_controller/install/position_controller
[3.091s] DEBUG:colcon.colcon_core.event_handler.log_command:Invoked command in '/home/enrico/turtlebot3_ws/src/position_controller/build/position_controller' returned '0': CMAKE_PREFIX_PATH=${CMAKE_PREFIX_PATH}:/home/enrico/turtlebot3_ws/install/turtlebot3_gazebo:/home/enrico/turtlebot3_ws/install/turtlebot3_teleop:/home/enrico/turtlebot3_ws/install/turtlebot3_example:/opt/ros/eloquent /usr/bin/cmake /home/enrico/turtlebot3_ws/src/position_controller -DAMENT_CMAKE_SYMLINK_INSTALL=1 -DCMAKE_INSTALL_PREFIX=/home/enrico/turtlebot3_ws/src/position_controller/install/position_controller
[3.094s] DEBUG:colcon.colcon_core.event_handler.log_command:Invoking command in '/home/enrico/turtlebot3_ws/src/position_controller/build/position_controller': CMAKE_PREFIX_PATH=${CMAKE_PREFIX_PATH}:/home/enrico/turtlebot3_ws/install/turtlebot3_gazebo:/home/enrico/turtlebot3_ws/install/turtlebot3_teleop:/home/enrico/turtlebot3_ws/install/turtlebot3_example:/opt/ros/eloquent /usr/bin/cmake --build /home/enrico/turtlebot3_ws/src/position_controller/build/position_controller -- -j4 -l4
[10.413s] DEBUG:colcon.colcon_core.event_handler.log_command:Invoked command in '/home/enrico/turtlebot3_ws/src/position_controller/build/position_controller' returned '0': CMAKE_PREFIX_PATH=${CMAKE_PREFIX_PATH}:/home/enrico/turtlebot3_ws/install/turtlebot3_gazebo:/home/enrico/turtlebot3_ws/install/turtlebot3_teleop:/home/enrico/turtlebot3_ws/install/turtlebot3_example:/opt/ros/eloquent /usr/bin/cmake --build /home/enrico/turtlebot3_ws/src/position_controller/build/position_controller -- -j4 -l4
[10.500s] DEBUG:colcon.colcon_core.event_handler.log_command:Invoking command in '/home/enrico/turtlebot3_ws/src/position_controller/build/position_controller': CMAKE_PREFIX_PATH=${CMAKE_PREFIX_PATH}:/home/enrico/turtlebot3_ws/install/turtlebot3_gazebo:/home/enrico/turtlebot3_ws/install/turtlebot3_teleop:/home/enrico/turtlebot3_ws/install/turtlebot3_example:/opt/ros/eloquent /usr/bin/cmake --build /home/enrico/turtlebot3_ws/src/position_controller/build/position_controller --target install -- -j4 -l4
[11.625s] Level 1:colcon.colcon_core.environment:create_environment_scripts_only(position_controller)
[11.627s] DEBUG:colcon.colcon_core.event_handler.log_command:Invoked command in '/home/enrico/turtlebot3_ws/src/position_controller/build/position_controller' returned '0': CMAKE_PREFIX_PATH=${CMAKE_PREFIX_PATH}:/home/enrico/turtlebot3_ws/install/turtlebot3_gazebo:/home/enrico/turtlebot3_ws/install/turtlebot3_teleop:/home/enrico/turtlebot3_ws/install/turtlebot3_example:/opt/ros/eloquent /usr/bin/cmake --build /home/enrico/turtlebot3_ws/src/position_controller/build/position_controller --target install -- -j4 -l4
[11.631s] Level 1:colcon.colcon_core.environment:checking '/home/enrico/turtlebot3_ws/src/position_controller/install/position_controller' for CMake module files
[11.632s] Level 1:colcon.colcon_core.environment:checking '/home/enrico/turtlebot3_ws/src/position_controller/install/position_controller' for CMake config files
[11.633s] Level 1:colcon.colcon_core.shell:create_environment_hook('position_controller', 'cmake_prefix_path')
[11.633s] INFO:colcon.colcon_core.shell:Creating environment hook '/home/enrico/turtlebot3_ws/src/position_controller/install/position_controller/share/position_controller/hook/cmake_prefix_path.ps1'
[11.634s] INFO:colcon.colcon_core.shell:Creating environment descriptor '/home/enrico/turtlebot3_ws/src/position_controller/install/position_controller/share/position_controller/hook/cmake_prefix_path.dsv'
[11.635s] INFO:colcon.colcon_core.shell:Creating environment hook '/home/enrico/turtlebot3_ws/src/position_controller/install/position_controller/share/position_controller/hook/cmake_prefix_path.sh'
[11.636s] Level 1:colcon.colcon_core.environment:checking '/home/enrico/turtlebot3_ws/src/position_controller/install/position_controller/lib'
[11.636s] Level 1:colcon.colcon_core.shell:create_environment_hook('position_controller', 'ld_library_path_lib')
[11.637s] INFO:colcon.colcon_core.shell:Creating environment hook '/home/enrico/turtlebot3_ws/src/position_controller/install/position_controller/share/position_controller/hook/ld_library_path_lib.ps1'
[11.638s] INFO:colcon.colcon_core.shell:Creating environment descriptor '/home/enrico/turtlebot3_ws/src/position_controller/install/position_controller/share/position_controller/hook/ld_library_path_lib.dsv'
[11.638s] INFO:colcon.colcon_core.shell:Creating environment hook '/home/enrico/turtlebot3_ws/src/position_controller/install/position_controller/share/position_controller/hook/ld_library_path_lib.sh'
[11.638s] Level 1:colcon.colcon_core.environment:checking '/home/enrico/turtlebot3_ws/src/position_controller/install/position_controller/bin'
[11.638s] Level 1:colcon.colcon_core.environment:checking '/home/enrico/turtlebot3_ws/src/position_controller/install/position_controller/lib/pkgconfig/position_controller.pc'
[11.639s] Level 1:colcon.colcon_core.environment:checking '/home/enrico/turtlebot3_ws/src/position_controller/install/position_controller/lib/python3.6/site-packages'
[11.639s] Level 1:colcon.colcon_core.shell:create_environment_hook('position_controller', 'pythonpath')
[11.639s] INFO:colcon.colcon_core.shell:Creating environment hook '/home/enrico/turtlebot3_ws/src/position_controller/install/position_controller/share/position_controller/hook/pythonpath.ps1'
[11.640s] INFO:colcon.colcon_core.shell:Creating environment descriptor '/home/enrico/turtlebot3_ws/src/position_controller/install/position_controller/share/position_controller/hook/pythonpath.dsv'
[11.640s] INFO:colcon.colcon_core.shell:Creating environment hook '/home/enrico/turtlebot3_ws/src/position_controller/install/position_controller/share/position_controller/hook/pythonpath.sh'
[11.641s] INFO:colcon.colcon_core.shell:Creating package script '/home/enrico/turtlebot3_ws/src/position_controller/install/position_controller/share/position_controller/package.ps1'
[11.643s] INFO:colcon.colcon_core.shell:Creating package descriptor '/home/enrico/turtlebot3_ws/src/position_controller/install/position_controller/share/position_controller/package.dsv'
[11.645s] INFO:colcon.colcon_core.shell:Creating package script '/home/enrico/turtlebot3_ws/src/position_controller/install/position_controller/share/position_controller/package.sh'
[11.649s] INFO:colcon.colcon_core.shell:Creating package script '/home/enrico/turtlebot3_ws/src/position_controller/install/position_controller/share/position_controller/package.bash'
[11.651s] INFO:colcon.colcon_core.shell:Creating package script '/home/enrico/turtlebot3_ws/src/position_controller/install/position_controller/share/position_controller/package.zsh'
[11.653s] Level 1:colcon.colcon_core.environment:create_file_with_runtime_dependencies(/home/enrico/turtlebot3_ws/src/position_controller/install/position_controller/share/colcon-core/packages/position_controller)
[11.654s] DEBUG:colcon.colcon_parallel_executor.executor.parallel:closing loop
[11.655s] DEBUG:colcon.colcon_parallel_executor.executor.parallel:loop closed
[11.655s] DEBUG:colcon.colcon_parallel_executor.executor.parallel:run_until_complete finished with '0'
[11.655s] DEBUG:colcon.colcon_core.event_reactor:joining thread
[11.679s] INFO:colcon.colcon_core.plugin_system:Skipping extension 'colcon_notification.desktop_notification.terminal_notifier': Not used on non-Darwin systems
[11.680s] INFO:colcon.colcon_core.plugin_system:Skipping extension 'colcon_notification.desktop_notification.win32': Not used on non-Windows systems
[11.680s] INFO:colcon.colcon_notification.desktop_notification:Sending desktop notification using 'notify2'
[11.685s] DEBUG:colcon.colcon_core.event_reactor:joined thread
[11.686s] INFO:colcon.colcon_core.shell:Creating prefix script '/home/enrico/turtlebot3_ws/src/position_controller/install/local_setup.ps1'
[11.688s] INFO:colcon.colcon_core.shell:Creating prefix util module '/home/enrico/turtlebot3_ws/src/position_controller/install/_local_setup_util_ps1.py'
[11.690s] INFO:colcon.colcon_core.shell:Creating prefix chain script '/home/enrico/turtlebot3_ws/src/position_controller/install/setup.ps1'
[11.697s] INFO:colcon.colcon_core.shell:Creating prefix script '/home/enrico/turtlebot3_ws/src/position_controller/install/local_setup.sh'
[11.699s] INFO:colcon.colcon_core.shell:Creating prefix util module '/home/enrico/turtlebot3_ws/src/position_controller/install/_local_setup_util_sh.py'
[11.700s] INFO:colcon.colcon_core.shell:Creating prefix chain script '/home/enrico/turtlebot3_ws/src/position_controller/install/setup.sh'
[11.707s] INFO:colcon.colcon_core.shell:Creating prefix script '/home/enrico/turtlebot3_ws/src/position_controller/install/local_setup.bash'
[11.709s] INFO:colcon.colcon_core.shell:Creating prefix chain script '/home/enrico/turtlebot3_ws/src/position_controller/install/setup.bash'
[11.716s] INFO:colcon.colcon_core.shell:Creating prefix script '/home/enrico/turtlebot3_ws/src/position_controller/install/local_setup.zsh'
[11.717s] INFO:colcon.colcon_core.shell:Creating prefix chain script '/home/enrico/turtlebot3_ws/src/position_controller/install/setup.zsh'
