CMake Error at CMakeLists.txt:70 (add_executable):
  add_executable cannot create target "position_controller" because another
  target with the same name already exists.  The existing target is a custom
  target created in source directory
  "/home/enrico/turtlebot3_ws/src/position_controller".  See documentation
  for policy CMP0002 for more details.


CMake Error at /opt/ros/eloquent/share/ament_cmake_target_dependencies/cmake/ament_target_dependencies.cmake:59 (target_compile_definitions):
  target_compile_definitions called with non-compilable target type
Call Stack (most recent call first):
  CMakeLists.txt:73 (ament_target_dependencies)


CMake Error at /opt/ros/eloquent/share/ament_cmake_target_dependencies/cmake/ament_target_dependencies.cmake:62 (target_include_directories):
  target_include_directories called with non-compilable target type
Call Stack (most recent call first):
  CMakeLists.txt:73 (ament_target_dependencies)


CMake Error at /opt/ros/eloquent/share/ament_cmake_target_dependencies/cmake/ament_target_dependencies.cmake:65 (target_link_libraries):
  Utility target "position_controller" must not be used as the target of a
  target_link_libraries call.
Call Stack (most recent call first):
  CMakeLists.txt:73 (ament_target_dependencies)


make: *** [cmake_check_build_system] Error 1
