[0.165s] DEBUG:colcon:Command line arguments: ['/usr/bin/colcon', 'build']
[0.165s] DEBUG:colcon:Parsed command line arguments: Namespace(ament_cmake_args=None, base_paths=['.'], build_base='build', catkin_cmake_args=None, catkin_skip_building_tests=False, cmake_args=None, cmake_clean_cache=False, cmake_clean_first=False, cmake_force_configure=False, cmake_target=None, cmake_target_skip_unavailable=False, continue_on_error=False, event_handlers=None, executor='parallel', ignore_user_meta=False, install_base='install', log_base=None, log_level=None, main=<bound method BuildVerb.main of <colcon_core.verb.build.BuildVerb object at 0x7f61c19e5668>>, merge_install=False, metas=['./colcon.meta'], packages_above=None, packages_above_and_dependencies=None, packages_above_depth=None, packages_end=None, packages_ignore=None, packages_ignore_regex=None, packages_select=None, packages_select_build_failed=False, packages_select_by_dep=None, packages_select_regex=None, packages_select_test_failures=False, packages_skip=None, packages_skip_build_finished=False, packages_skip_by_dep=None, packages_skip_regex=None, packages_skip_test_passed=False, packages_skip_up_to=None, packages_start=None, packages_up_to=None, packages_up_to_regex=None, parallel_workers=4, paths=None, symlink_install=False, test_result_base=None, verb_extension=<colcon_core.verb.build.BuildVerb object at 0x7f61c19e5668>, verb_name='build', verb_parser=<colcon_defaults.argument_parser.defaults.DefaultArgumentsDecorator object at 0x7f61c19e59b0>)
[0.206s] Level 1:colcon.colcon_core.package_discovery:discover_packages(colcon_meta) check parameters
[0.206s] Level 1:colcon.colcon_core.package_discovery:discover_packages(recursive) check parameters
[0.206s] Level 1:colcon.colcon_core.package_discovery:discover_packages(ignore) check parameters
[0.206s] Level 1:colcon.colcon_core.package_discovery:discover_packages(path) check parameters
[0.206s] Level 1:colcon.colcon_core.package_discovery:discover_packages(colcon_meta) discover
[0.206s] Level 1:colcon.colcon_core.package_discovery:discover_packages(recursive) discover
[0.206s] INFO:colcon.colcon_core.package_discovery:Crawling recursively for packages in '/home/enrico/turtlebot3_ws/src/position_controller'
[0.207s] Level 1:colcon.colcon_core.package_identification:_identify(.) by extensions ['ignore', 'ignore_ament_install']
[0.207s] Level 1:colcon.colcon_core.package_identification:_identify(.) by extension 'ignore'
[0.207s] Level 1:colcon.colcon_core.package_identification:_identify(.) by extension 'ignore_ament_install'
[0.207s] Level 1:colcon.colcon_core.package_identification:_identify(.) by extensions ['colcon_pkg']
[0.207s] Level 1:colcon.colcon_core.package_identification:_identify(.) by extension 'colcon_pkg'
[0.207s] Level 1:colcon.colcon_core.package_identification:_identify(.) by extensions ['colcon_meta']
[0.207s] Level 1:colcon.colcon_core.package_identification:_identify(.) by extension 'colcon_meta'
[0.207s] Level 1:colcon.colcon_core.package_identification:_identify(.) by extensions ['ros']
[0.207s] Level 1:colcon.colcon_core.package_identification:_identify(.) by extension 'ros'
[0.221s] DEBUG:colcon.colcon_core.package_identification:Package '.' with type 'ros.ament_cmake' and name 'position_controller'
[0.221s] Level 1:colcon.colcon_core.package_discovery:discover_packages(recursive) using defaults
[0.222s] Level 1:colcon.colcon_core.package_discovery:discover_packages(ignore) discover
[0.222s] Level 1:colcon.colcon_core.package_discovery:discover_packages(ignore) using defaults
[0.222s] Level 1:colcon.colcon_core.package_discovery:discover_packages(path) discover
[0.222s] Level 1:colcon.colcon_core.package_discovery:discover_packages(path) using defaults
[0.227s] Level 5:colcon.colcon_core.verb:set package 'position_controller' build argument 'cmake_args' from command line to 'None'
[0.227s] Level 5:colcon.colcon_core.verb:set package 'position_controller' build argument 'cmake_target' from command line to 'None'
[0.227s] Level 5:colcon.colcon_core.verb:set package 'position_controller' build argument 'cmake_target_skip_unavailable' from command line to 'False'
[0.227s] Level 5:colcon.colcon_core.verb:set package 'position_controller' build argument 'cmake_clean_cache' from command line to 'False'
[0.227s] Level 5:colcon.colcon_core.verb:set package 'position_controller' build argument 'cmake_clean_first' from command line to 'False'
[0.228s] Level 5:colcon.colcon_core.verb:set package 'position_controller' build argument 'cmake_force_configure' from command line to 'False'
[0.228s] Level 5:colcon.colcon_core.verb:set package 'position_controller' build argument 'ament_cmake_args' from command line to 'None'
[0.228s] Level 5:colcon.colcon_core.verb:set package 'position_controller' build argument 'catkin_cmake_args' from command line to 'None'
[0.228s] Level 5:colcon.colcon_core.verb:set package 'position_controller' build argument 'catkin_skip_building_tests' from command line to 'False'
[0.228s] DEBUG:colcon.colcon_core.verb:Building package 'position_controller' with the following arguments: {'ament_cmake_args': None, 'build_base': '/home/enrico/turtlebot3_ws/src/position_controller/build/position_controller', 'catkin_cmake_args': None, 'catkin_skip_building_tests': False, 'cmake_args': None, 'cmake_clean_cache': False, 'cmake_clean_first': False, 'cmake_force_configure': False, 'cmake_target': None, 'cmake_target_skip_unavailable': False, 'install_base': '/home/enrico/turtlebot3_ws/src/position_controller/install/position_controller', 'merge_install': False, 'path': '/home/enrico/turtlebot3_ws/src/position_controller', 'symlink_install': False, 'test_result_base': None}
[0.228s] INFO:colcon.colcon_core.executor:Executing jobs using 'parallel' executor
[0.230s] DEBUG:colcon.colcon_parallel_executor.executor.parallel:run_until_complete
[0.230s] INFO:colcon.colcon_ros.task.ament_cmake.build:Building ROS package in '/home/enrico/turtlebot3_ws/src/position_controller' with build type 'ament_cmake'
[0.234s] INFO:colcon.colcon_core.plugin_system:Skipping extension 'colcon_core.shell.bat': Not used on non-Windows systems
[0.234s] INFO:colcon.colcon_cmake.task.cmake.build:Building CMake package in '/home/enrico/turtlebot3_ws/src/position_controller'
[0.235s] INFO:colcon.colcon_core.shell:Skip shell extension 'powershell' for command environment: Not usable outside of PowerShell
[0.235s] DEBUG:colcon.colcon_core.shell:Skip shell extension 'dsv' for command environment
[0.239s] DEBUG:colcon.colcon_core.shell:Ignoring prefix path '/opt/ros/eloquent'
[0.247s] DEBUG:colcon.colcon_core.event_handler.log_command:Invoking command in '/home/enrico/turtlebot3_ws/src/position_controller/build/position_controller': CMAKE_PREFIX_PATH=${CMAKE_PREFIX_PATH}:/home/enrico/turtlebot3_ws/install/turtlebot3_teleop:/home/enrico/turtlebot3_ws/install/turtlebot3_example:/opt/ros/eloquent /usr/bin/cmake --build /home/enrico/turtlebot3_ws/src/position_controller/build/position_controller -- -j4 -l4
[5.404s] DEBUG:colcon.colcon_core.event_handler.log_command:Invoked command in '/home/enrico/turtlebot3_ws/src/position_controller/build/position_controller' returned '0': CMAKE_PREFIX_PATH=${CMAKE_PREFIX_PATH}:/home/enrico/turtlebot3_ws/install/turtlebot3_teleop:/home/enrico/turtlebot3_ws/install/turtlebot3_example:/opt/ros/eloquent /usr/bin/cmake --build /home/enrico/turtlebot3_ws/src/position_controller/build/position_controller -- -j4 -l4
[5.445s] DEBUG:colcon.colcon_core.event_handler.log_command:Invoking command in '/home/enrico/turtlebot3_ws/src/position_controller/build/position_controller': CMAKE_PREFIX_PATH=${CMAKE_PREFIX_PATH}:/home/enrico/turtlebot3_ws/install/turtlebot3_teleop:/home/enrico/turtlebot3_ws/install/turtlebot3_example:/opt/ros/eloquent /usr/bin/cmake --build /home/enrico/turtlebot3_ws/src/position_controller/build/position_controller --target install -- -j4 -l4
[5.565s] Level 1:colcon.colcon_core.environment:create_environment_scripts_only(position_controller)
[5.567s] DEBUG:colcon.colcon_core.event_handler.log_command:Invoked command in '/home/enrico/turtlebot3_ws/src/position_controller/build/position_controller' returned '0': CMAKE_PREFIX_PATH=${CMAKE_PREFIX_PATH}:/home/enrico/turtlebot3_ws/install/turtlebot3_teleop:/home/enrico/turtlebot3_ws/install/turtlebot3_example:/opt/ros/eloquent /usr/bin/cmake --build /home/enrico/turtlebot3_ws/src/position_controller/build/position_controller --target install -- -j4 -l4
[5.574s] Level 1:colcon.colcon_core.environment:checking '/home/enrico/turtlebot3_ws/src/position_controller/install/position_controller' for CMake module files
[5.575s] Level 1:colcon.colcon_core.environment:checking '/home/enrico/turtlebot3_ws/src/position_controller/install/position_controller' for CMake config files
[5.576s] Level 1:colcon.colcon_core.shell:create_environment_hook('position_controller', 'cmake_prefix_path')
[5.576s] INFO:colcon.colcon_core.shell:Creating environment hook '/home/enrico/turtlebot3_ws/src/position_controller/install/position_controller/share/position_controller/hook/cmake_prefix_path.ps1'
[5.577s] INFO:colcon.colcon_core.shell:Creating environment descriptor '/home/enrico/turtlebot3_ws/src/position_controller/install/position_controller/share/position_controller/hook/cmake_prefix_path.dsv'
[5.578s] INFO:colcon.colcon_core.shell:Creating environment hook '/home/enrico/turtlebot3_ws/src/position_controller/install/position_controller/share/position_controller/hook/cmake_prefix_path.sh'
[5.580s] Level 1:colcon.colcon_core.environment:checking '/home/enrico/turtlebot3_ws/src/position_controller/install/position_controller/lib'
[5.580s] Level 1:colcon.colcon_core.environment:checking '/home/enrico/turtlebot3_ws/src/position_controller/install/position_controller/bin'
[5.580s] Level 1:colcon.colcon_core.environment:checking '/home/enrico/turtlebot3_ws/src/position_controller/install/position_controller/lib/pkgconfig/position_controller.pc'
[5.580s] Level 1:colcon.colcon_core.environment:checking '/home/enrico/turtlebot3_ws/src/position_controller/install/position_controller/lib/python3.6/site-packages'
[5.581s] INFO:colcon.colcon_core.shell:Creating package script '/home/enrico/turtlebot3_ws/src/position_controller/install/position_controller/share/position_controller/package.ps1'
[5.582s] INFO:colcon.colcon_core.shell:Creating package descriptor '/home/enrico/turtlebot3_ws/src/position_controller/install/position_controller/share/position_controller/package.dsv'
[5.727s] INFO:colcon.colcon_core.shell:Creating package script '/home/enrico/turtlebot3_ws/src/position_controller/install/position_controller/share/position_controller/package.sh'
[5.734s] INFO:colcon.colcon_core.shell:Creating package script '/home/enrico/turtlebot3_ws/src/position_controller/install/position_controller/share/position_controller/package.bash'
[5.739s] INFO:colcon.colcon_core.shell:Creating package script '/home/enrico/turtlebot3_ws/src/position_controller/install/position_controller/share/position_controller/package.zsh'
[5.743s] Level 1:colcon.colcon_core.environment:create_file_with_runtime_dependencies(/home/enrico/turtlebot3_ws/src/position_controller/install/position_controller/share/colcon-core/packages/position_controller)
[5.747s] DEBUG:colcon.colcon_parallel_executor.executor.parallel:closing loop
[5.749s] DEBUG:colcon.colcon_parallel_executor.executor.parallel:loop closed
[5.749s] DEBUG:colcon.colcon_parallel_executor.executor.parallel:run_until_complete finished with '0'
[5.750s] DEBUG:colcon.colcon_core.event_reactor:joining thread
[5.790s] INFO:colcon.colcon_core.plugin_system:Skipping extension 'colcon_notification.desktop_notification.terminal_notifier': Not used on non-Darwin systems
[5.790s] INFO:colcon.colcon_core.plugin_system:Skipping extension 'colcon_notification.desktop_notification.win32': Not used on non-Windows systems
[5.790s] INFO:colcon.colcon_notification.desktop_notification:Sending desktop notification using 'notify2'
[5.794s] DEBUG:colcon.colcon_core.event_reactor:joined thread
[5.795s] INFO:colcon.colcon_core.shell:Creating prefix script '/home/enrico/turtlebot3_ws/src/position_controller/install/local_setup.ps1'
[5.797s] INFO:colcon.colcon_core.shell:Creating prefix util module '/home/enrico/turtlebot3_ws/src/position_controller/install/_local_setup_util_ps1.py'
[5.800s] INFO:colcon.colcon_core.shell:Creating prefix chain script '/home/enrico/turtlebot3_ws/src/position_controller/install/setup.ps1'
[5.805s] INFO:colcon.colcon_core.shell:Creating prefix script '/home/enrico/turtlebot3_ws/src/position_controller/install/local_setup.sh'
[5.806s] INFO:colcon.colcon_core.shell:Creating prefix util module '/home/enrico/turtlebot3_ws/src/position_controller/install/_local_setup_util_sh.py'
[5.807s] INFO:colcon.colcon_core.shell:Creating prefix chain script '/home/enrico/turtlebot3_ws/src/position_controller/install/setup.sh'
[5.812s] INFO:colcon.colcon_core.shell:Creating prefix script '/home/enrico/turtlebot3_ws/src/position_controller/install/local_setup.bash'
[5.813s] INFO:colcon.colcon_core.shell:Creating prefix chain script '/home/enrico/turtlebot3_ws/src/position_controller/install/setup.bash'
[5.819s] INFO:colcon.colcon_core.shell:Creating prefix script '/home/enrico/turtlebot3_ws/src/position_controller/install/local_setup.zsh'
[5.820s] INFO:colcon.colcon_core.shell:Creating prefix chain script '/home/enrico/turtlebot3_ws/src/position_controller/install/setup.zsh'
