[0.044s] Invoking command in '/home/enrico/turtlebot3_ws/src/position_controller/build/position_controller': CMAKE_PREFIX_PATH=${CMAKE_PREFIX_PATH}:/home/enrico/turtlebot3_ws/install/turtlebot3_teleop:/home/enrico/turtlebot3_ws/install/turtlebot3_example:/opt/ros/eloquent /usr/bin/cmake /home/enrico/turtlebot3_ws/src/position_controller -DCMAKE_INSTALL_PREFIX=/home/enrico/turtlebot3_ws/src/position_controller/install/position_controller
[0.250s] -- The C compiler identification is GNU 7.5.0
[0.468s] -- The CXX compiler identification is GNU 7.5.0
[0.488s] -- Check for working C compiler: /usr/bin/cc
[0.644s] -- Check for working C compiler: /usr/bin/cc -- works
[0.651s] -- Detecting C compiler ABI info
[0.811s] -- Detecting C compiler ABI info - done
[0.830s] -- Detecting C compile features
[1.275s] -- Detecting C compile features - done
[1.287s] -- Check for working CXX compiler: /usr/bin/c++
[1.446s] -- Check for working CXX compiler: /usr/bin/c++ -- works
[1.448s] -- Detecting CXX compiler ABI info
[1.625s] -- Detecting CXX compiler ABI info - done
[1.634s] -- Detecting CXX compile features
[2.346s] -- Detecting CXX compile features - done
[2.359s] -- Found gazebo_ros_pkgs: 3.4.2 (/opt/ros/eloquent/share/gazebo_ros_pkgs/cmake)
[2.372s] -- Found ament_cmake: 0.8.2 (/opt/ros/eloquent/share/ament_cmake/cmake)
[2.457s] -- Found PythonInterp: /usr/bin/python3 (found suitable version "3.6.9", minimum required is "3") 
[2.458s] -- Using PYTHON_EXECUTABLE: /usr/bin/python3
[2.992s] -- Found geometry_msgs: 0.8.1 (/opt/ros/eloquent/share/geometry_msgs/cmake)
[3.046s] -- Found rosidl_adapter: 0.8.2 (/opt/ros/eloquent/share/rosidl_adapter/cmake)
[3.169s] -- Found nav_msgs: 0.8.1 (/opt/ros/eloquent/share/nav_msgs/cmake)
[3.200s] -- Found rclcpp: 0.8.4 (/opt/ros/eloquent/share/rclcpp/cmake)
[3.256s] -- Found rmw_implementation_cmake: 0.8.1 (/opt/ros/eloquent/share/rmw_implementation_cmake/cmake)
[3.264s] -- Using RMW implementation 'rmw_fastrtps_cpp' as default
[3.267s] -- Looking for pthread.h
[3.427s] -- Looking for pthread.h - found
[3.434s] -- Looking for pthread_create
[3.597s] -- Looking for pthread_create - not found
[3.597s] -- Looking for pthread_create in pthreads
[3.731s] -- Looking for pthread_create in pthreads - not found
[3.731s] -- Looking for pthread_create in pthread
[3.889s] -- Looking for pthread_create in pthread - found
[3.891s] -- Found Threads: TRUE  
[4.007s] -- Found tf2: 0.12.5 (/opt/ros/eloquent/share/tf2/cmake)
[4.024s] -- Found sensor_msgs: 0.8.1 (/opt/ros/eloquent/share/sensor_msgs/cmake)
[4.051s] -- Found turtlebot3: 2.0.1 (/home/enrico/turtlebot3_ws/install/turtlebot3/share/turtlebot3/cmake)
[4.281s] -- Found ament_lint_auto: 0.8.1 (/opt/ros/eloquent/share/ament_lint_auto/cmake)
[4.457s] -- Configuring done
[4.536s] -- Generating done
[4.539s] -- Build files have been written to: /home/enrico/turtlebot3_ws/src/position_controller/build/position_controller
[4.553s] Invoked command in '/home/enrico/turtlebot3_ws/src/position_controller/build/position_controller' returned '0': CMAKE_PREFIX_PATH=${CMAKE_PREFIX_PATH}:/home/enrico/turtlebot3_ws/install/turtlebot3_teleop:/home/enrico/turtlebot3_ws/install/turtlebot3_example:/opt/ros/eloquent /usr/bin/cmake /home/enrico/turtlebot3_ws/src/position_controller -DCMAKE_INSTALL_PREFIX=/home/enrico/turtlebot3_ws/src/position_controller/install/position_controller
[4.556s] Invoking command in '/home/enrico/turtlebot3_ws/src/position_controller/build/position_controller': CMAKE_PREFIX_PATH=${CMAKE_PREFIX_PATH}:/home/enrico/turtlebot3_ws/install/turtlebot3_teleop:/home/enrico/turtlebot3_ws/install/turtlebot3_example:/opt/ros/eloquent /usr/bin/cmake --build /home/enrico/turtlebot3_ws/src/position_controller/build/position_controller -- -j4 -l4
[4.650s] [35m[1mScanning dependencies of target position_controller[0m
[4.651s] [35m[1mScanning dependencies of target pianificatore[0m
[4.808s] [ 25%] [32mBuilding CXX object CMakeFiles/pianificatore.dir/src/pianificatore.cpp.o[0m
[4.809s] [ 50%] [32mBuilding CXX object CMakeFiles/position_controller.dir/src/position_controll.cpp.o[0m
[8.361s] [01m[K/home/enrico/turtlebot3_ws/src/position_controller/src/position_controll.cpp:[m[K In member function ‘[01m[Kvoid Tb3BurgerPosCtrl::get_position(std_msgs::msg::String_<std::allocator<void> >::SharedPtr)[m[K’:
[8.362s] [01m[K/home/enrico/turtlebot3_ws/src/position_controller/src/position_controll.cpp:54:10:[m[K [01;35m[Kwarning: [m[Kunused variable ‘[01m[Kvirgola[m[K’ [[01;35m[K-Wunused-variable[m[K]
[8.362s]      char [01;35m[Kvirgola[m[K = ',';
[8.363s]           [01;35m[K^~~~~~~[m[K
[8.363s] [01m[K/home/enrico/turtlebot3_ws/src/position_controller/src/position_controll.cpp:57:9:[m[K [01;35m[Kwarning: [m[Kunused variable ‘[01m[Kpos[m[K’ [[01;35m[K-Wunused-variable[m[K]
[8.363s]      int [01;35m[Kpos[m[K=0;
[8.364s]          [01;35m[K^~~[m[K
[8.374s] [01m[K/home/enrico/turtlebot3_ws/src/position_controller/src/position_controll.cpp:[m[K In member function ‘[01m[Kvoid Tb3BurgerPosCtrl::update_callback()[m[K’:
[8.375s] [01m[K/home/enrico/turtlebot3_ws/src/position_controller/src/position_controll.cpp:190:19:[m[K [01;35m[Kwarning: [m[Kunused variable ‘[01m[Kduepi[m[K’ [[01;35m[K-Wunused-variable[m[K]
[8.375s]             double [01;35m[Kduepi[m[K = M_PI*2;
[8.376s]                    [01;35m[K^~~~~[m[K
[16.019s] [ 75%] [32m[1mLinking CXX executable pianificatore[0m
[17.117s] [ 75%] Built target pianificatore
[21.876s] [100%] [32m[1mLinking CXX executable position_controller[0m
[22.756s] [100%] Built target position_controller
[22.779s] Invoked command in '/home/enrico/turtlebot3_ws/src/position_controller/build/position_controller' returned '0': CMAKE_PREFIX_PATH=${CMAKE_PREFIX_PATH}:/home/enrico/turtlebot3_ws/install/turtlebot3_teleop:/home/enrico/turtlebot3_ws/install/turtlebot3_example:/opt/ros/eloquent /usr/bin/cmake --build /home/enrico/turtlebot3_ws/src/position_controller/build/position_controller -- -j4 -l4
[22.865s] Invoking command in '/home/enrico/turtlebot3_ws/src/position_controller/build/position_controller': CMAKE_PREFIX_PATH=${CMAKE_PREFIX_PATH}:/home/enrico/turtlebot3_ws/install/turtlebot3_teleop:/home/enrico/turtlebot3_ws/install/turtlebot3_example:/opt/ros/eloquent /usr/bin/cmake --build /home/enrico/turtlebot3_ws/src/position_controller/build/position_controller --target install -- -j4 -l4
[22.990s] [ 50%] Built target position_controller
[23.042s] [100%] Built target pianificatore
[23.083s] [36mInstall the project...[0m
[23.104s] -- Install configuration: ""
[23.105s] -- Installing: /home/enrico/turtlebot3_ws/src/position_controller/install/position_controller/lib/position_controller/position_controller
[23.109s] -- Set runtime path of "/home/enrico/turtlebot3_ws/src/position_controller/install/position_controller/lib/position_controller/position_controller" to ""
[23.109s] -- Installing: /home/enrico/turtlebot3_ws/src/position_controller/install/position_controller/lib/position_controller/pianificatore
[23.111s] -- Set runtime path of "/home/enrico/turtlebot3_ws/src/position_controller/install/position_controller/lib/position_controller/pianificatore" to ""
[23.112s] -- Installing: /home/enrico/turtlebot3_ws/src/position_controller/install/position_controller/share/position_controller//launch
[23.112s] -- Installing: /home/enrico/turtlebot3_ws/src/position_controller/install/position_controller/share/position_controller//launch/position_controll.py
[23.113s] -- Installing: /home/enrico/turtlebot3_ws/src/position_controller/install/position_controller/share/position_controller//launch/empty_world.launch.py
[23.113s] -- Installing: /home/enrico/turtlebot3_ws/src/position_controller/install/position_controller/share/position_controller//models
[23.113s] -- Installing: /home/enrico/turtlebot3_ws/src/position_controller/install/position_controller/share/position_controller//models/turtlebot3_burger
[23.113s] -- Installing: /home/enrico/turtlebot3_ws/src/position_controller/install/position_controller/share/position_controller//models/turtlebot3_burger/model-1_4.sdf
[23.118s] -- Installing: /home/enrico/turtlebot3_ws/src/position_controller/install/position_controller/share/position_controller//models/turtlebot3_burger/model.config
[23.119s] -- Installing: /home/enrico/turtlebot3_ws/src/position_controller/install/position_controller/share/position_controller//models/turtlebot3_burger/model.sdf
[23.120s] -- Installing: /home/enrico/turtlebot3_ws/src/position_controller/install/position_controller/share/position_controller//models/turtlebot3_burger/meshes
[23.121s] -- Installing: /home/enrico/turtlebot3_ws/src/position_controller/install/position_controller/share/position_controller//models/turtlebot3_burger/meshes/lds.dae
[23.126s] -- Installing: /home/enrico/turtlebot3_ws/src/position_controller/install/position_controller/share/position_controller//models/turtlebot3_burger/meshes/left_tire.dae
[23.135s] -- Installing: /home/enrico/turtlebot3_ws/src/position_controller/install/position_controller/share/position_controller//models/turtlebot3_burger/meshes/burger_base.dae
[23.167s] -- Installing: /home/enrico/turtlebot3_ws/src/position_controller/install/position_controller/share/position_controller//models/turtlebot3_burger/meshes/right_tire.dae
[23.180s] -- Installing: /home/enrico/turtlebot3_ws/src/position_controller/install/position_controller/share/position_controller//worlds
[23.180s] -- Installing: /home/enrico/turtlebot3_ws/src/position_controller/install/position_controller/share/position_controller//worlds/empty_worlds
[23.180s] -- Installing: /home/enrico/turtlebot3_ws/src/position_controller/install/position_controller/share/position_controller//worlds/empty_worlds/burger.model
[23.181s] -- Installing: /home/enrico/turtlebot3_ws/src/position_controller/install/position_controller/share/position_controller//worlds/empty_worlds/waffle.model
[23.181s] -- Installing: /home/enrico/turtlebot3_ws/src/position_controller/install/position_controller/share/position_controller//worlds/empty_worlds/waffle_pi.model
[23.181s] -- Installing: /home/enrico/turtlebot3_ws/src/position_controller/install/position_controller/include/
[23.182s] -- Installing: /home/enrico/turtlebot3_ws/src/position_controller/install/position_controller/include//pianificatore
[23.182s] -- Installing: /home/enrico/turtlebot3_ws/src/position_controller/install/position_controller/include//pianificatore/pianificatore.hpp
[23.182s] -- Installing: /home/enrico/turtlebot3_ws/src/position_controller/install/position_controller/include//position_controller
[23.183s] -- Installing: /home/enrico/turtlebot3_ws/src/position_controller/install/position_controller/include//position_controller/position_controll.hpp
[23.183s] -- Installing: /home/enrico/turtlebot3_ws/src/position_controller/install/position_controller/share/ament_index/resource_index/package_run_dependencies/position_controller
[23.184s] -- Installing: /home/enrico/turtlebot3_ws/src/position_controller/install/position_controller/share/ament_index/resource_index/parent_prefix_path/position_controller
[23.184s] -- Installing: /home/enrico/turtlebot3_ws/src/position_controller/install/position_controller/share/position_controller/environment/ament_prefix_path.sh
[23.185s] -- Installing: /home/enrico/turtlebot3_ws/src/position_controller/install/position_controller/share/position_controller/environment/ament_prefix_path.dsv
[23.186s] -- Installing: /home/enrico/turtlebot3_ws/src/position_controller/install/position_controller/share/position_controller/environment/path.sh
[23.188s] -- Installing: /home/enrico/turtlebot3_ws/src/position_controller/install/position_controller/share/position_controller/environment/path.dsv
[23.188s] -- Installing: /home/enrico/turtlebot3_ws/src/position_controller/install/position_controller/share/position_controller/local_setup.bash
[23.188s] -- Installing: /home/enrico/turtlebot3_ws/src/position_controller/install/position_controller/share/position_controller/local_setup.sh
[23.188s] -- Installing: /home/enrico/turtlebot3_ws/src/position_controller/install/position_controller/share/position_controller/local_setup.zsh
[23.188s] -- Installing: /home/enrico/turtlebot3_ws/src/position_controller/install/position_controller/share/position_controller/local_setup.dsv
[23.189s] -- Installing: /home/enrico/turtlebot3_ws/src/position_controller/install/position_controller/share/position_controller/package.dsv
[23.189s] -- Installing: /home/enrico/turtlebot3_ws/src/position_controller/install/position_controller/share/ament_index/resource_index/packages/position_controller
[23.189s] -- Installing: /home/enrico/turtlebot3_ws/src/position_controller/install/position_controller/share/position_controller/cmake/ament_cmake_export_include_directories-extras.cmake
[23.189s] -- Installing: /home/enrico/turtlebot3_ws/src/position_controller/install/position_controller/share/position_controller/cmake/ament_cmake_export_dependencies-extras.cmake
[23.189s] -- Installing: /home/enrico/turtlebot3_ws/src/position_controller/install/position_controller/share/position_controller/cmake/position_controllerConfig.cmake
[23.189s] -- Installing: /home/enrico/turtlebot3_ws/src/position_controller/install/position_controller/share/position_controller/cmake/position_controllerConfig-version.cmake
[23.189s] -- Installing: /home/enrico/turtlebot3_ws/src/position_controller/install/position_controller/share/position_controller/package.xml
[23.196s] Invoked command in '/home/enrico/turtlebot3_ws/src/position_controller/build/position_controller' returned '0': CMAKE_PREFIX_PATH=${CMAKE_PREFIX_PATH}:/home/enrico/turtlebot3_ws/install/turtlebot3_teleop:/home/enrico/turtlebot3_ws/install/turtlebot3_example:/opt/ros/eloquent /usr/bin/cmake --build /home/enrico/turtlebot3_ws/src/position_controller/build/position_controller --target install -- -j4 -l4
