[0.174s] DEBUG:colcon:Command line arguments: ['/usr/bin/colcon', 'build']
[0.174s] DEBUG:colcon:Parsed command line arguments: Namespace(ament_cmake_args=None, base_paths=['.'], build_base='build', catkin_cmake_args=None, catkin_skip_building_tests=False, cmake_args=None, cmake_clean_cache=False, cmake_clean_first=False, cmake_force_configure=False, cmake_target=None, cmake_target_skip_unavailable=False, continue_on_error=False, event_handlers=None, executor='parallel', ignore_user_meta=False, install_base='install', log_base=None, log_level=None, main=<bound method BuildVerb.main of <colcon_core.verb.build.BuildVerb object at 0x7fab1806d390>>, merge_install=False, metas=['./colcon.meta'], packages_above=None, packages_above_depth=None, packages_end=None, packages_ignore=None, packages_ignore_regex=None, packages_select=None, packages_select_build_failed=False, packages_select_by_dep=None, packages_select_regex=None, packages_select_test_failures=False, packages_skip=None, packages_skip_build_finished=False, packages_skip_by_dep=None, packages_skip_regex=None, packages_skip_test_passed=False, packages_skip_up_to=None, packages_start=None, packages_up_to=None, parallel_workers=4, paths=None, symlink_install=False, test_result_base=None, verb_extension=<colcon_core.verb.build.BuildVerb object at 0x7fab1806d390>, verb_name='build', verb_parser=<colcon_defaults.argument_parser.defaults.DefaultArgumentsDecorator object at 0x7fab1806d6d8>)
[0.215s] Level 1:colcon.colcon_core.package_discovery:discover_packages(colcon_meta) check parameters
[0.215s] Level 1:colcon.colcon_core.package_discovery:discover_packages(recursive) check parameters
[0.215s] Level 1:colcon.colcon_core.package_discovery:discover_packages(ignore) check parameters
[0.215s] Level 1:colcon.colcon_core.package_discovery:discover_packages(path) check parameters
[0.215s] Level 1:colcon.colcon_core.package_discovery:discover_packages(colcon_meta) discover
[0.216s] Level 1:colcon.colcon_core.package_discovery:discover_packages(recursive) discover
[0.216s] INFO:colcon.colcon_core.package_discovery:Crawling recursively for packages in '/home/enrico/turtlebot3_ws/src/position_controller'
[0.216s] Level 1:colcon.colcon_core.package_identification:_identify(.) by extensions ['ignore', 'ignore_ament_install']
[0.216s] Level 1:colcon.colcon_core.package_identification:_identify(.) by extension 'ignore'
[0.216s] Level 1:colcon.colcon_core.package_identification:_identify(.) by extension 'ignore_ament_install'
[0.216s] Level 1:colcon.colcon_core.package_identification:_identify(.) by extensions ['colcon_pkg']
[0.216s] Level 1:colcon.colcon_core.package_identification:_identify(.) by extension 'colcon_pkg'
[0.216s] Level 1:colcon.colcon_core.package_identification:_identify(.) by extensions ['colcon_meta']
[0.216s] Level 1:colcon.colcon_core.package_identification:_identify(.) by extension 'colcon_meta'
[0.216s] Level 1:colcon.colcon_core.package_identification:_identify(.) by extensions ['ros']
[0.216s] Level 1:colcon.colcon_core.package_identification:_identify(.) by extension 'ros'
[0.231s] DEBUG:colcon.colcon_core.package_identification:Package '.' with type 'ros.ament_cmake' and name 'position_controller'
[0.232s] Level 1:colcon.colcon_core.package_discovery:discover_packages(recursive) using defaults
[0.232s] Level 1:colcon.colcon_core.package_discovery:discover_packages(ignore) discover
[0.232s] Level 1:colcon.colcon_core.package_discovery:discover_packages(ignore) using defaults
[0.232s] Level 1:colcon.colcon_core.package_discovery:discover_packages(path) discover
[0.232s] Level 1:colcon.colcon_core.package_discovery:discover_packages(path) using defaults
[0.238s] Level 5:colcon.colcon_core.verb:set package 'position_controller' build argument 'cmake_args' from command line to 'None'
[0.238s] Level 5:colcon.colcon_core.verb:set package 'position_controller' build argument 'cmake_target' from command line to 'None'
[0.238s] Level 5:colcon.colcon_core.verb:set package 'position_controller' build argument 'cmake_target_skip_unavailable' from command line to 'False'
[0.238s] Level 5:colcon.colcon_core.verb:set package 'position_controller' build argument 'cmake_clean_cache' from command line to 'False'
[0.238s] Level 5:colcon.colcon_core.verb:set package 'position_controller' build argument 'cmake_clean_first' from command line to 'False'
[0.238s] Level 5:colcon.colcon_core.verb:set package 'position_controller' build argument 'cmake_force_configure' from command line to 'False'
[0.238s] Level 5:colcon.colcon_core.verb:set package 'position_controller' build argument 'ament_cmake_args' from command line to 'None'
[0.238s] Level 5:colcon.colcon_core.verb:set package 'position_controller' build argument 'catkin_cmake_args' from command line to 'None'
[0.238s] Level 5:colcon.colcon_core.verb:set package 'position_controller' build argument 'catkin_skip_building_tests' from command line to 'False'
[0.238s] DEBUG:colcon.colcon_core.verb:Building package 'position_controller' with the following arguments: {'ament_cmake_args': None, 'build_base': '/home/enrico/turtlebot3_ws/src/position_controller/build/position_controller', 'catkin_cmake_args': None, 'catkin_skip_building_tests': False, 'cmake_args': None, 'cmake_clean_cache': False, 'cmake_clean_first': False, 'cmake_force_configure': False, 'cmake_target': None, 'cmake_target_skip_unavailable': False, 'install_base': '/home/enrico/turtlebot3_ws/src/position_controller/install/position_controller', 'merge_install': False, 'path': '/home/enrico/turtlebot3_ws/src/position_controller', 'symlink_install': False, 'test_result_base': None}
[0.238s] INFO:colcon.colcon_core.executor:Executing jobs using 'parallel' executor
[0.240s] DEBUG:colcon.colcon_parallel_executor.executor.parallel:run_until_complete
[0.240s] INFO:colcon.colcon_ros.task.ament_cmake.build:Building ROS package in '/home/enrico/turtlebot3_ws/src/position_controller' with build type 'ament_cmake'
[0.245s] INFO:colcon.colcon_core.plugin_system:Skipping extension 'colcon_core.shell.bat': Not used on non-Windows systems
[0.245s] INFO:colcon.colcon_cmake.task.cmake.build:Building CMake package in '/home/enrico/turtlebot3_ws/src/position_controller'
[0.245s] INFO:colcon.colcon_core.shell:Skip shell extension 'powershell' for command environment: Not usable outside of PowerShell
[0.245s] DEBUG:colcon.colcon_core.shell:Skip shell extension 'dsv' for command environment
[0.249s] DEBUG:colcon.colcon_core.shell:Ignoring prefix path '/opt/ros/eloquent'
[0.263s] DEBUG:colcon.colcon_core.event_handler.log_command:Invoking command in '/home/enrico/turtlebot3_ws/src/position_controller/build/position_controller': /usr/bin/cmake --build /home/enrico/turtlebot3_ws/src/position_controller/build/position_controller -- -j4 -l4
[0.966s] DEBUG:colcon.colcon_core.event_handler.log_command:Invoked command in '/home/enrico/turtlebot3_ws/src/position_controller/build/position_controller' returned '2': /usr/bin/cmake --build /home/enrico/turtlebot3_ws/src/position_controller/build/position_controller -- -j4 -l4
[0.976s] DEBUG:colcon.colcon_parallel_executor.executor.parallel:closing loop
[0.977s] DEBUG:colcon.colcon_parallel_executor.executor.parallel:loop closed
[0.977s] DEBUG:colcon.colcon_parallel_executor.executor.parallel:run_until_complete finished with '2'
[0.977s] DEBUG:colcon.colcon_core.event_reactor:joining thread
[0.983s] INFO:colcon.colcon_core.plugin_system:Skipping extension 'colcon_notification.desktop_notification.terminal_notifier': Not used on non-Darwin systems
[0.983s] INFO:colcon.colcon_core.plugin_system:Skipping extension 'colcon_notification.desktop_notification.win32': Not used on non-Windows systems
[0.983s] INFO:colcon.colcon_notification.desktop_notification:Sending desktop notification using 'notify2'
[0.987s] DEBUG:colcon.colcon_core.event_reactor:joined thread
[0.989s] INFO:colcon.colcon_core.shell:Creating prefix script '/home/enrico/turtlebot3_ws/src/position_controller/install/local_setup.ps1'
[0.991s] INFO:colcon.colcon_core.shell:Creating prefix util module '/home/enrico/turtlebot3_ws/src/position_controller/install/_local_setup_util_ps1.py'
[0.993s] INFO:colcon.colcon_core.shell:Creating prefix chain script '/home/enrico/turtlebot3_ws/src/position_controller/install/setup.ps1'
[0.999s] INFO:colcon.colcon_core.shell:Creating prefix script '/home/enrico/turtlebot3_ws/src/position_controller/install/local_setup.sh'
[1.000s] INFO:colcon.colcon_core.shell:Creating prefix util module '/home/enrico/turtlebot3_ws/src/position_controller/install/_local_setup_util_sh.py'
[1.001s] INFO:colcon.colcon_core.shell:Creating prefix chain script '/home/enrico/turtlebot3_ws/src/position_controller/install/setup.sh'
[1.008s] INFO:colcon.colcon_core.shell:Creating prefix script '/home/enrico/turtlebot3_ws/src/position_controller/install/local_setup.bash'
[1.009s] INFO:colcon.colcon_core.shell:Creating prefix chain script '/home/enrico/turtlebot3_ws/src/position_controller/install/setup.bash'
[1.014s] INFO:colcon.colcon_core.shell:Creating prefix script '/home/enrico/turtlebot3_ws/src/position_controller/install/local_setup.zsh'
[1.015s] INFO:colcon.colcon_core.shell:Creating prefix chain script '/home/enrico/turtlebot3_ws/src/position_controller/install/setup.zsh'
